Timing Analyzer report for Quartus
Mon Oct 10 19:16:07 2016
Version 5.1 Build 176 10/26/2005 SJ Full Version


---------------------
; Table of Contents ;
---------------------
  1. Legal Notice
  2. Timing Analyzer Summary
  3. Timing Analyzer Settings
  4. tpd
  5. Timing Analyzer Messages



----------------
; Legal Notice ;
----------------
Copyright (C) 1991-2005 Altera Corporation
Your use of Altera Corporation's design tools, logic functions 
and other software and tools, and its AMPP partner logic 
functions, and any output files any of the foregoing 
(including device programming or simulation files), and any 
associated documentation or information are expressly subject 
to the terms and conditions of the Altera Program License 
Subscription Agreement, Altera MegaCore Function License 
Agreement, or other applicable license agreement, including, 
without limitation, that your use is for the sole purpose of 
programming logic devices manufactured by Altera and sold by 
Altera or its authorized distributors.  Please refer to the 
applicable agreement for further details.



+--------------------------------------------------------------------------------------------------------------------------------+
; Timing Analyzer Summary                                                                                                        ;
+------------------------------+-------+---------------+-------------+---------+----------+------------+----------+--------------+
; Type                         ; Slack ; Required Time ; Actual Time ; From    ; To       ; From Clock ; To Clock ; Failed Paths ;
+------------------------------+-------+---------------+-------------+---------+----------+------------+----------+--------------+
; Worst-case tpd               ; N/A   ; None          ; 13.615 ns   ; input_6 ; output_7 ; --         ; --       ; 0            ;
; Total number of failed paths ;       ;               ;             ;         ;          ;            ;          ; 0            ;
+------------------------------+-------+---------------+-------------+---------+----------+------------+----------+--------------+


+------------------------------------------------------------------------------------------------------+
; Timing Analyzer Settings                                                                             ;
+-------------------------------------------------------+--------------------+------+----+-------------+
; Option                                                ; Setting            ; From ; To ; Entity Name ;
+-------------------------------------------------------+--------------------+------+----+-------------+
; Device Name                                           ; EP2C20Q240C8       ;      ;    ;             ;
; Timing Models                                         ; Preliminary        ;      ;    ;             ;
; Number of source nodes to report per destination node ; 10                 ;      ;    ;             ;
; Number of destination nodes to report                 ; 10                 ;      ;    ;             ;
; Number of paths to report                             ; 200                ;      ;    ;             ;
; Report Minimum Timing Checks                          ; Off                ;      ;    ;             ;
; Use Fast Timing Models                                ; Off                ;      ;    ;             ;
; Report IO Paths Separately                            ; Off                ;      ;    ;             ;
; Default hold multicycle                               ; Same As Multicycle ;      ;    ;             ;
; Cut paths between unrelated clock domains             ; On                 ;      ;    ;             ;
; Cut off read during write signal paths                ; On                 ;      ;    ;             ;
; Cut off feedback from I/O pins                        ; On                 ;      ;    ;             ;
; Report Combined Fast/Slow Timing                      ; Off                ;      ;    ;             ;
; Ignore Clock Settings                                 ; Off                ;      ;    ;             ;
; Analyze latches as synchronous elements               ; On                 ;      ;    ;             ;
; Enable Recovery/Removal analysis                      ; Off                ;      ;    ;             ;
; Enable Clock Latency                                  ; Off                ;      ;    ;             ;
+-------------------------------------------------------+--------------------+------+----+-------------+


+------------------------------------------------------------------+
; tpd                                                              ;
+-------+-------------------+-----------------+---------+----------+
; Slack ; Required P2P Time ; Actual P2P Time ; From    ; To       ;
+-------+-------------------+-----------------+---------+----------+
; N/A   ; None              ; 13.615 ns       ; input_6 ; output_7 ;
; N/A   ; None              ; 13.584 ns       ; input_6 ; output_6 ;
; N/A   ; None              ; 13.489 ns       ; input_5 ; output_7 ;
; N/A   ; None              ; 13.458 ns       ; input_5 ; output_6 ;
; N/A   ; None              ; 13.375 ns       ; input_1 ; output_7 ;
; N/A   ; None              ; 13.297 ns       ; input_4 ; output_7 ;
; N/A   ; None              ; 13.266 ns       ; input_4 ; output_6 ;
; N/A   ; None              ; 13.230 ns       ; input_1 ; output_6 ;
; N/A   ; None              ; 13.206 ns       ; input_3 ; output_7 ;
; N/A   ; None              ; 13.197 ns       ; input_6 ; output_5 ;
; N/A   ; None              ; 13.167 ns       ; input_3 ; output_6 ;
; N/A   ; None              ; 13.072 ns       ; input_6 ; output_4 ;
; N/A   ; None              ; 13.071 ns       ; input_5 ; output_5 ;
; N/A   ; None              ; 12.963 ns       ; input_1 ; output_5 ;
; N/A   ; None              ; 12.946 ns       ; input_5 ; output_4 ;
; N/A   ; None              ; 12.879 ns       ; input_4 ; output_5 ;
; N/A   ; None              ; 12.799 ns       ; input_3 ; output_5 ;
; N/A   ; None              ; 12.774 ns       ; input_6 ; output_2 ;
; N/A   ; None              ; 12.773 ns       ; input_6 ; output_3 ;
; N/A   ; None              ; 12.754 ns       ; input_4 ; output_4 ;
; N/A   ; None              ; 12.727 ns       ; input_2 ; output_7 ;
; N/A   ; None              ; 12.719 ns       ; input_6 ; output_1 ;
; N/A   ; None              ; 12.715 ns       ; input_1 ; output_4 ;
; N/A   ; None              ; 12.696 ns       ; input_2 ; output_6 ;
; N/A   ; None              ; 12.651 ns       ; input_3 ; output_4 ;
; N/A   ; None              ; 12.648 ns       ; input_5 ; output_2 ;
; N/A   ; None              ; 12.647 ns       ; input_5 ; output_3 ;
; N/A   ; None              ; 12.593 ns       ; input_5 ; output_1 ;
; N/A   ; None              ; 12.541 ns       ; input_1 ; output_3 ;
; N/A   ; None              ; 12.456 ns       ; input_4 ; output_2 ;
; N/A   ; None              ; 12.455 ns       ; input_4 ; output_3 ;
; N/A   ; None              ; 12.424 ns       ; input_1 ; output_2 ;
; N/A   ; None              ; 12.401 ns       ; input_4 ; output_1 ;
; N/A   ; None              ; 12.360 ns       ; input_1 ; output_1 ;
; N/A   ; None              ; 12.320 ns       ; input_2 ; output_5 ;
; N/A   ; None              ; 12.292 ns       ; input_3 ; output_3 ;
; N/A   ; None              ; 12.279 ns       ; input_3 ; output_2 ;
; N/A   ; None              ; 12.212 ns       ; input_3 ; output_1 ;
; N/A   ; None              ; 12.181 ns       ; input_2 ; output_4 ;
; N/A   ; None              ; 11.893 ns       ; input_2 ; output_3 ;
; N/A   ; None              ; 11.891 ns       ; input_2 ; output_2 ;
; N/A   ; None              ; 11.828 ns       ; input_2 ; output_1 ;
+-------+-------------------+-----------------+---------+----------+


+--------------------------+
; Timing Analyzer Messages ;
+--------------------------+
Info: *******************************************************************
Info: Running Quartus II Timing Analyzer
    Info: Version 5.1 Build 176 10/26/2005 SJ Full Version
    Info: Processing started: Mon Oct 10 19:16:07 2016
Info: Command: quartus_tan --read_settings_files=off --write_settings_files=off Quartus -c Quartus --timing_analysis_only
Info: Longest tpd from source pin "input_6" to destination pin "output_7" is 13.615 ns
    Info: 1: + IC(0.000 ns) + CELL(0.924 ns) = 0.924 ns; Loc. = PIN_232; Fanout = 1; PIN Node = 'input_6'
    Info: 2: + IC(6.926 ns) + CELL(0.651 ns) = 8.501 ns; Loc. = LCCOMB_X1_Y12_N0; Fanout = 7; COMB Node = '74138:inst|1~14'
    Info: 3: + IC(0.411 ns) + CELL(0.202 ns) = 9.114 ns; Loc. = LCCOMB_X1_Y12_N28; Fanout = 1; COMB Node = '74138:inst|22'
    Info: 4: + IC(1.465 ns) + CELL(3.036 ns) = 13.615 ns; Loc. = PIN_47; Fanout = 0; PIN Node = 'output_7'
    Info: Total cell delay = 4.813 ns ( 35.35 % )
    Info: Total interconnect delay = 8.802 ns ( 64.65 % )
Info: Quartus II Timing Analyzer was successful. 0 errors, 0 warnings
    Info: Processing ended: Mon Oct 10 19:16:07 2016
    Info: Elapsed time: 00:00:00


