Flow report for ALU_EXP_II
Mon Nov 14 18:39:50 2016
Version 5.1 Build 176 10/26/2005 SJ Full Version


---------------------
; Table of Contents ;
---------------------
  1. Legal Notice
  2. Flow Summary
  3. Flow Settings
  4. Flow Elapsed Time
  5. Flow Log



----------------
; Legal Notice ;
----------------
Copyright (C) 1991-2005 Altera Corporation
Your use of Altera Corporation's design tools, logic functions 
and other software and tools, and its AMPP partner logic 
functions, and any output files any of the foregoing 
(including device programming or simulation files), and any 
associated documentation or information are expressly subject 
to the terms and conditions of the Altera Program License 
Subscription Agreement, Altera MegaCore Function License 
Agreement, or other applicable license agreement, including, 
without limitation, that your use is for the sole purpose of 
programming logic devices manufactured by Altera and sold by 
Altera or its authorized distributors.  Please refer to the 
applicable agreement for further details.



+-------------------------------------------------------------------------------+
; Flow Summary                                                                  ;
+------------------------------------+------------------------------------------+
; Flow Status                        ; Successful - Mon Nov 14 18:39:50 2016    ;
; Quartus II Version                 ; 5.1 Build 176 10/26/2005 SJ Full Version ;
; Revision Name                      ; ALU_EXP_II                               ;
; Top-level Entity Name              ; ALU_EXP_II                               ;
; Family                             ; Cyclone II                               ;
; Device                             ; EP2C20Q240C8                             ;
; Timing Models                      ; Preliminary                              ;
; Met timing requirements            ; Yes                                      ;
; Total logic elements               ; 226 / 18,752 ( 1 % )                     ;
; Total registers                    ; 64                                       ;
; Total pins                         ; 83 / 142 ( 58 % )                        ;
; Total virtual pins                 ; 0                                        ;
; Total memory bits                  ; 256 / 239,616 ( < 1 % )                  ;
; Embedded Multiplier 9-bit elements ; 0 / 52 ( 0 % )                           ;
; Total PLLs                         ; 0 / 4 ( 0 % )                            ;
+------------------------------------+------------------------------------------+


+-----------------------------------------+
; Flow Settings                           ;
+-------------------+---------------------+
; Option            ; Setting             ;
+-------------------+---------------------+
; Start date & time ; 11/14/2016 18:39:42 ;
; Main task         ; Compilation         ;
; Revision Name     ; ALU_EXP_II          ;
+-------------------+---------------------+


+-------------------------------------+
; Flow Elapsed Time                   ;
+----------------------+--------------+
; Module Name          ; Elapsed Time ;
+----------------------+--------------+
; Analysis & Synthesis ; 00:00:02     ;
; Fitter               ; 00:00:02     ;
; Assembler            ; 00:00:02     ;
; Timing Analyzer      ; 00:00:01     ;
; Total                ; 00:00:07     ;
+----------------------+--------------+


------------
; Flow Log ;
------------
quartus_map --read_settings_files=on --write_settings_files=off ALU_EXP_II -c ALU_EXP_II
quartus_fit --read_settings_files=off --write_settings_files=off ALU_EXP_II -c ALU_EXP_II
quartus_asm --read_settings_files=off --write_settings_files=off ALU_EXP_II -c ALU_EXP_II
quartus_tan --read_settings_files=off --write_settings_files=off ALU_EXP_II -c ALU_EXP_II --timing_analysis_only



