Analysis & Synthesis report for Controller
Wed Dec 07 16:32:56 2016
Version 5.1 Build 176 10/26/2005 SJ Full Version


---------------------
; Table of Contents ;
---------------------
  1. Legal Notice
  2. Analysis & Synthesis Summary
  3. Analysis & Synthesis Settings
  4. Analysis & Synthesis Source Files Read
  5. Analysis & Synthesis Resource Usage Summary
  6. Analysis & Synthesis Resource Utilization by Entity
  7. Analysis & Synthesis RAM Summary
  8. General Register Statistics
  9. Multiplexer Restructuring Statistics (Restructuring Performed)
 10. Source assignments for lpm_rom0:inst|altsyncram:altsyncram_component|altsyncram_2i01:auto_generated
 11. Source assignments for RAM:inst22|altsyncram:altsyncram_component|altsyncram_o4k1:auto_generated
 12. Parameter Settings for User Entity Instance: lpm_rom0:inst|altsyncram:altsyncram_component
 13. Parameter Settings for User Entity Instance: RAM:inst22|altsyncram:altsyncram_component
 14. Analysis & Synthesis Equations
 15. Analysis & Synthesis Messages



----------------
; Legal Notice ;
----------------
Copyright (C) 1991-2005 Altera Corporation
Your use of Altera Corporation's design tools, logic functions 
and other software and tools, and its AMPP partner logic 
functions, and any output files any of the foregoing 
(including device programming or simulation files), and any 
associated documentation or information are expressly subject 
to the terms and conditions of the Altera Program License 
Subscription Agreement, Altera MegaCore Function License 
Agreement, or other applicable license agreement, including, 
without limitation, that your use is for the sole purpose of 
programming logic devices manufactured by Altera and sold by 
Altera or its authorized distributors.  Please refer to the 
applicable agreement for further details.



+-------------------------------------------------------------------------------+
; Analysis & Synthesis Summary                                                  ;
+------------------------------------+------------------------------------------+
; Analysis & Synthesis Status        ; Successful - Wed Dec 07 16:32:56 2016    ;
; Quartus II Version                 ; 5.1 Build 176 10/26/2005 SJ Full Version ;
; Revision Name                      ; Controller                               ;
; Top-level Entity Name              ; Controller                               ;
; Family                             ; Cyclone II                               ;
; Total combinational functions      ; 271                                      ;
; Total registers                    ; 68                                       ;
; Total pins                         ; 102                                      ;
; Total virtual pins                 ; 0                                        ;
; Total memory bits                  ; 768                                      ;
; Embedded Multiplier 9-bit elements ; 0                                        ;
; Total PLLs                         ; 0                                        ;
+------------------------------------+------------------------------------------+


+--------------------------------------------------------------------------------------------------------------+
; Analysis & Synthesis Settings                                                                                ;
+--------------------------------------------------------------------+--------------------+--------------------+
; Option                                                             ; Setting            ; Default Value      ;
+--------------------------------------------------------------------+--------------------+--------------------+
; Device                                                             ; EP2C20Q240C8       ;                    ;
; Top-level entity name                                              ; Controller         ; Controller         ;
; Family name                                                        ; Cyclone II         ; Stratix            ;
; Use smart compilation                                              ; Off                ; Off                ;
; Restructure Multiplexers                                           ; Auto               ; Auto               ;
; Create Debugging Nodes for IP Cores                                ; Off                ; Off                ;
; Preserve fewer node names                                          ; On                 ; On                 ;
; Disable OpenCore Plus hardware evaluation                          ; Off                ; Off                ;
; Verilog Version                                                    ; Verilog_2001       ; Verilog_2001       ;
; VHDL Version                                                       ; VHDL93             ; VHDL93             ;
; State Machine Processing                                           ; Auto               ; Auto               ;
; Extract Verilog State Machines                                     ; On                 ; On                 ;
; Extract VHDL State Machines                                        ; On                 ; On                 ;
; Add Pass-Through Logic to Inferred RAMs                            ; On                 ; On                 ;
; DSP Block Balancing                                                ; Auto               ; Auto               ;
; Maximum DSP Block Usage                                            ; -1                 ; -1                 ;
; NOT Gate Push-Back                                                 ; On                 ; On                 ;
; Power-Up Don't Care                                                ; On                 ; On                 ;
; Remove Redundant Logic Cells                                       ; Off                ; Off                ;
; Remove Duplicate Registers                                         ; On                 ; On                 ;
; Ignore CARRY Buffers                                               ; Off                ; Off                ;
; Ignore CASCADE Buffers                                             ; Off                ; Off                ;
; Ignore GLOBAL Buffers                                              ; Off                ; Off                ;
; Ignore ROW GLOBAL Buffers                                          ; Off                ; Off                ;
; Ignore LCELL Buffers                                               ; Off                ; Off                ;
; Ignore SOFT Buffers                                                ; On                 ; On                 ;
; Limit AHDL Integers to 32 Bits                                     ; Off                ; Off                ;
; Optimization Technique -- Cyclone II                               ; Balanced           ; Balanced           ;
; Carry Chain Length -- Stratix/Stratix GX/Cyclone/MAX II/Cyclone II ; 70                 ; 70                 ;
; Auto Carry Chains                                                  ; On                 ; On                 ;
; Auto Open-Drain Pins                                               ; On                 ; On                 ;
; Remove Duplicate Logic                                             ; On                 ; On                 ;
; Perform WYSIWYG Primitive Resynthesis                              ; Off                ; Off                ;
; Perform gate-level register retiming                               ; Off                ; Off                ;
; Allow register retiming to trade off Tsu/Tco with Fmax             ; On                 ; On                 ;
; Auto ROM Replacement                                               ; On                 ; On                 ;
; Auto RAM Replacement                                               ; On                 ; On                 ;
; Auto Shift Register Replacement                                    ; On                 ; On                 ;
; Auto Clock Enable Replacement                                      ; On                 ; On                 ;
; Allow Synchronous Control Signals                                  ; On                 ; On                 ;
; Force Use of Synchronous Clear Signals                             ; Off                ; Off                ;
; Auto Resource Sharing                                              ; Off                ; Off                ;
; Allow Any RAM Size For Recognition                                 ; Off                ; Off                ;
; Allow Any ROM Size For Recognition                                 ; Off                ; Off                ;
; Allow Any Shift Register Size For Recognition                      ; Off                ; Off                ;
; Maximum Number of M4K Memory Blocks                                ; -1                 ; -1                 ;
; Ignore translate_off and translate_on Synthesis Directives         ; Off                ; Off                ;
; Show Parameter Settings Tables in Synthesis Report                 ; On                 ; On                 ;
; Ignore Maximum Fan-Out Assignments                                 ; Off                ; Off                ;
; Retiming Meta-Stability Register Sequence Length                   ; 2                  ; 2                  ;
; PowerPlay Power Optimization                                       ; Normal compilation ; Normal compilation ;
; HDL message level                                                  ; Level2             ; Level2             ;
+--------------------------------------------------------------------+--------------------+--------------------+


+-------------------------------------------------------------------------------------------------------------------------------------------------------------+
; Analysis & Synthesis Source Files Read                                                                                                                      ;
+----------------------------------+-----------------+------------------------------------+-------------------------------------------------------------------+
; File Name with User-Entered Path ; Used in Netlist ; File Type                          ; File Name with Absolute Path                                      ;
+----------------------------------+-----------------+------------------------------------+-------------------------------------------------------------------+
; Controller.bdf                   ; yes             ; User Block Diagram/Schematic File  ; E:/Controller/Controller.bdf                                      ;
; mux_2A_to_1.vhd                  ; yes             ; User VHDL File                     ; E:/Controller/mux_2A_to_1.vhd                                     ;
; alu.vhd                          ; yes             ; Other                              ; E:/Controller/alu.vhd                                             ;
; regfile.vhd                      ; yes             ; Other                              ; E:/Controller/regfile.vhd                                         ;
; reg.vhd                          ; yes             ; Other                              ; E:/Controller/reg.vhd                                             ;
; decoder_2_to_4.vhd               ; yes             ; Other                              ; E:/Controller/decoder_2_to_4.vhd                                  ;
; mux_4_to_1.vhd                   ; yes             ; Other                              ; E:/Controller/mux_4_to_1.vhd                                      ;
; lpm_rom0.vhd                     ; yes             ; Other                              ; E:/Controller/lpm_rom0.vhd                                        ;
; altsyncram.tdf                   ; yes             ; Megafunction                       ; c:/altera/quartus51/libraries/megafunctions/altsyncram.tdf        ;
; stratix_ram_block.inc            ; yes             ; Other                              ; c:/altera/quartus51/libraries/megafunctions/stratix_ram_block.inc ;
; lpm_mux.inc                      ; yes             ; Other                              ; c:/altera/quartus51/libraries/megafunctions/lpm_mux.inc           ;
; lpm_decode.inc                   ; yes             ; Other                              ; c:/altera/quartus51/libraries/megafunctions/lpm_decode.inc        ;
; aglobal51.inc                    ; yes             ; Other                              ; c:/altera/quartus51/libraries/megafunctions/aglobal51.inc         ;
; altsyncram.inc                   ; yes             ; Other                              ; c:/altera/quartus51/libraries/megafunctions/altsyncram.inc        ;
; a_rdenreg.inc                    ; yes             ; Other                              ; c:/altera/quartus51/libraries/megafunctions/a_rdenreg.inc         ;
; altrom.inc                       ; yes             ; Other                              ; c:/altera/quartus51/libraries/megafunctions/altrom.inc            ;
; altram.inc                       ; yes             ; Other                              ; c:/altera/quartus51/libraries/megafunctions/altram.inc            ;
; altdpram.inc                     ; yes             ; Other                              ; c:/altera/quartus51/libraries/megafunctions/altdpram.inc          ;
; altqpram.inc                     ; yes             ; Other                              ; c:/altera/quartus51/libraries/megafunctions/altqpram.inc          ;
; db/altsyncram_2i01.tdf           ; yes             ; Auto-Generated Megafunction        ; E:/Controller/db/altsyncram_2i01.tdf                              ;
; PC.vhd                           ; yes             ; Other                              ; E:/Controller/PC.vhd                                              ;
; mux_2_to_1.vhd                   ; yes             ; Other                              ; E:/Controller/mux_2_to_1.vhd                                      ;
; ADD.vhd                          ; yes             ; Other                              ; E:/Controller/ADD.vhd                                             ;
; Const4.vhd                       ; yes             ; Other                              ; E:/Controller/Const4.vhd                                          ;
; SFT_2bit.vhd                     ; yes             ; Other                              ; E:/Controller/SFT_2bit.vhd                                        ;
; RAM.vhd                          ; yes             ; Other                              ; E:/Controller/RAM.vhd                                             ;
; db/altsyncram_o4k1.tdf           ; yes             ; Auto-Generated Megafunction        ; E:/Controller/db/altsyncram_o4k1.tdf                              ;
+----------------------------------+-----------------+------------------------------------+-------------------------------------------------------------------+


+------------------------------------------------------+
; Analysis & Synthesis Resource Usage Summary          ;
+---------------------------------------------+--------+
; Resource                                    ; Usage  ;
+---------------------------------------------+--------+
; Total combinational functions               ; 271    ;
; Logic element usage by number of LUT inputs ;        ;
;     -- 4 input functions                    ; 137    ;
;     -- 3 input functions                    ; 93     ;
;     -- <=2 input functions                  ; 41     ;
;         -- Combinational cells for routing  ; 0      ;
; Logic elements by mode                      ;        ;
;     -- normal mode                          ; 207    ;
;     -- arithmetic mode                      ; 64     ;
; Total registers                             ; 68     ;
; I/O pins                                    ; 102    ;
; Total memory bits                           ; 768    ;
; Maximum fan-out node                        ; SW_CLK ;
; Maximum fan-out                             ; 116    ;
; Total fan-out                               ; 1555   ;
; Average fan-out                             ; 3.18   ;
+---------------------------------------------+--------+


+--------------------------------------------------------------------------------------------------------------------------------------------------------------------------------------------------------------------------------------------------+
; Analysis & Synthesis Resource Utilization by Entity                                                                                                                                                                                              ;
+-------------------------------------------+-------------------+--------------+-------------+--------------+---------+-----------+------+--------------+------------------------------------------------------------------------------------------+
; Compilation Hierarchy Node                ; LC Combinationals ; LC Registers ; Memory Bits ; DSP Elements ; DSP 9x9 ; DSP 18x18 ; Pins ; Virtual Pins ; Full Hierarchy Name                                                                      ;
+-------------------------------------------+-------------------+--------------+-------------+--------------+---------+-----------+------+--------------+------------------------------------------------------------------------------------------+
; |Controller                               ; 271 (5)           ; 68 (0)       ; 768         ; 0            ; 0       ; 0         ; 102  ; 0            ; |Controller                                                                              ;
;    |ADD:inst15|                           ; 4 (4)             ; 0 (0)        ; 0           ; 0            ; 0       ; 0         ; 0    ; 0            ; |Controller|ADD:inst15                                                                   ;
;    |ADD:inst9|                            ; 3 (3)             ; 0 (0)        ; 0           ; 0            ; 0       ; 0         ; 0    ; 0            ; |Controller|ADD:inst9                                                                    ;
;    |PC:inst5|                             ; 1 (1)             ; 4 (4)        ; 0           ; 0            ; 0       ; 0         ; 0    ; 0            ; |Controller|PC:inst5                                                                     ;
;    |RAM:inst22|                           ; 0 (0)             ; 0 (0)        ; 256         ; 0            ; 0       ; 0         ; 0    ; 0            ; |Controller|RAM:inst22                                                                   ;
;       |altsyncram:altsyncram_component|   ; 0 (0)             ; 0 (0)        ; 256         ; 0            ; 0       ; 0         ; 0    ; 0            ; |Controller|RAM:inst22|altsyncram:altsyncram_component                                   ;
;          |altsyncram_o4k1:auto_generated| ; 0 (0)             ; 0 (0)        ; 256         ; 0            ; 0       ; 0         ; 0    ; 0            ; |Controller|RAM:inst22|altsyncram:altsyncram_component|altsyncram_o4k1:auto_generated    ;
;    |alu:inst17|                           ; 155 (155)         ; 0 (0)        ; 0           ; 0            ; 0       ; 0         ; 0    ; 0            ; |Controller|alu:inst17                                                                   ;
;    |lpm_rom0:inst|                        ; 0 (0)             ; 0 (0)        ; 512         ; 0            ; 0       ; 0         ; 0    ; 0            ; |Controller|lpm_rom0:inst                                                                ;
;       |altsyncram:altsyncram_component|   ; 0 (0)             ; 0 (0)        ; 512         ; 0            ; 0       ; 0         ; 0    ; 0            ; |Controller|lpm_rom0:inst|altsyncram:altsyncram_component                                ;
;          |altsyncram_2i01:auto_generated| ; 0 (0)             ; 0 (0)        ; 512         ; 0            ; 0       ; 0         ; 0    ; 0            ; |Controller|lpm_rom0:inst|altsyncram:altsyncram_component|altsyncram_2i01:auto_generated ;
;    |mux_2A_to_1:inst1|                    ; 2 (2)             ; 0 (0)        ; 0           ; 0            ; 0       ; 0         ; 0    ; 0            ; |Controller|mux_2A_to_1:inst1                                                            ;
;    |mux_2_to_1:inst13|                    ; 16 (16)           ; 0 (0)        ; 0           ; 0            ; 0       ; 0         ; 0    ; 0            ; |Controller|mux_2_to_1:inst13                                                            ;
;    |mux_2_to_1:inst23|                    ; 16 (16)           ; 0 (0)        ; 0           ; 0            ; 0       ; 0         ; 0    ; 0            ; |Controller|mux_2_to_1:inst23                                                            ;
;    |mux_2_to_1:inst4|                     ; 1 (1)             ; 0 (0)        ; 0           ; 0            ; 0       ; 0         ; 0    ; 0            ; |Controller|mux_2_to_1:inst4                                                             ;
;    |regfile:inst11|                       ; 68 (0)            ; 64 (0)       ; 0           ; 0            ; 0       ; 0         ; 0    ; 0            ; |Controller|regfile:inst11                                                               ;
;       |decoder_2_to_4:des_decoder|        ; 3 (3)             ; 0 (0)        ; 0           ; 0            ; 0       ; 0         ; 0    ; 0            ; |Controller|regfile:inst11|decoder_2_to_4:des_decoder                                    ;
;       |mux_4_to_1:mux1|                   ; 32 (32)           ; 0 (0)        ; 0           ; 0            ; 0       ; 0         ; 0    ; 0            ; |Controller|regfile:inst11|mux_4_to_1:mux1                                               ;
;       |mux_4_to_1:mux2|                   ; 32 (32)           ; 0 (0)        ; 0           ; 0            ; 0       ; 0         ; 0    ; 0            ; |Controller|regfile:inst11|mux_4_to_1:mux2                                               ;
;       |reg:Areg00|                        ; 1 (1)             ; 16 (16)      ; 0           ; 0            ; 0       ; 0         ; 0    ; 0            ; |Controller|regfile:inst11|reg:Areg00                                                    ;
;       |reg:Areg01|                        ; 0 (0)             ; 16 (16)      ; 0           ; 0            ; 0       ; 0         ; 0    ; 0            ; |Controller|regfile:inst11|reg:Areg01                                                    ;
;       |reg:Areg02|                        ; 0 (0)             ; 16 (16)      ; 0           ; 0            ; 0       ; 0         ; 0    ; 0            ; |Controller|regfile:inst11|reg:Areg02                                                    ;
;       |reg:Areg03|                        ; 0 (0)             ; 16 (16)      ; 0           ; 0            ; 0       ; 0         ; 0    ; 0            ; |Controller|regfile:inst11|reg:Areg03                                                    ;
+-------------------------------------------+-------------------+--------------+-------------+--------------+---------+-----------+------+--------------+------------------------------------------------------------------------------------------+
Note: For table entries with two numbers listed, the numbers in parentheses indicate the number of resources of the given type used by the specific entity alone. The numbers listed outside of parentheses indicate the total resources of the given type used by the specific entity and all of its sub-entities in the hierarchy.


+-----------------------------------------------------------------------------------------------------------------------------------------------------------------------------------------------------+
; Analysis & Synthesis RAM Summary                                                                                                                                                                    ;
+-----------------------------------------------------------------------------------------+------+------------------+--------------+--------------+--------------+--------------+------+--------------+
; Name                                                                                    ; Type ; Mode             ; Port A Depth ; Port A Width ; Port B Depth ; Port B Width ; Size ; MIF          ;
+-----------------------------------------------------------------------------------------+------+------------------+--------------+--------------+--------------+--------------+------+--------------+
; RAM:inst22|altsyncram:altsyncram_component|altsyncram_o4k1:auto_generated|ALTSYNCRAM    ; AUTO ; Simple Dual Port ; 16           ; 16           ; 16           ; 16           ; 256  ; ram_init.hex ;
; lpm_rom0:inst|altsyncram:altsyncram_component|altsyncram_2i01:auto_generated|ALTSYNCRAM ; AUTO ; ROM              ; 16           ; 32           ; --           ; --           ; 512  ; ALU_3.mif    ;
+-----------------------------------------------------------------------------------------+------+------------------+--------------+--------------+--------------+--------------+------+--------------+


+------------------------------------------------------+
; General Register Statistics                          ;
+----------------------------------------------+-------+
; Statistic                                    ; Value ;
+----------------------------------------------+-------+
; Total registers                              ; 68    ;
; Number of registers using Synchronous Clear  ; 0     ;
; Number of registers using Synchronous Load   ; 2     ;
; Number of registers using Asynchronous Clear ; 68    ;
; Number of registers using Asynchronous Load  ; 0     ;
; Number of registers using Clock Enable       ; 64    ;
; Number of registers using Preset             ; 0     ;
+----------------------------------------------+-------+


+----------------------------------------------------------------------------------------------------------------------------------------------------------------------+
; Multiplexer Restructuring Statistics (Restructuring Performed)                                                                                                       ;
+--------------------+-----------+---------------+----------------------+------------------------+------------+--------------------------------------------------------+
; Multiplexer Inputs ; Bus Width ; Baseline Area ; Area if Restructured ; Saving if Restructured ; Registered ; Example Multiplexer Output                             ;
+--------------------+-----------+---------------+----------------------+------------------------+------------+--------------------------------------------------------+
; 3:1                ; 14 bits   ; 28 LEs        ; 28 LEs               ; 0 LEs                  ; Yes        ; |Controller|PC:inst5|q[3]                              ;
; 4:1                ; 16 bits   ; 32 LEs        ; 32 LEs               ; 0 LEs                  ; No         ; |Controller|regfile:inst11|mux_4_to_1:mux2|out_put[15] ;
; 4:1                ; 16 bits   ; 32 LEs        ; 32 LEs               ; 0 LEs                  ; No         ; |Controller|regfile:inst11|mux_4_to_1:mux1|out_put[1]  ;
; 1:1                ; 16 bits   ; 0 LEs         ; 0 LEs                ; 0 LEs                  ; No         ; |Controller|alu:inst17|add~0                           ;
; 7:1                ; 14 bits   ; 56 LEs        ; 56 LEs               ; 0 LEs                  ; No         ; |Controller|alu:inst17|alu_out[9]                      ;
+--------------------+-----------+---------------+----------------------+------------------------+------------+--------------------------------------------------------+


+-----------------------------------------------------------------------------------------------------+
; Source assignments for lpm_rom0:inst|altsyncram:altsyncram_component|altsyncram_2i01:auto_generated ;
+---------------------------------+--------------------+------+---------------------------------------+
; Assignment                      ; Value              ; from ; to                                    ;
+---------------------------------+--------------------+------+---------------------------------------+
; OPTIMIZE_POWER_DURING_SYNTHESIS ; NORMAL_COMPILATION ; -    ; -                                     ;
+---------------------------------+--------------------+------+---------------------------------------+


+--------------------------------------------------------------------------------------------------+
; Source assignments for RAM:inst22|altsyncram:altsyncram_component|altsyncram_o4k1:auto_generated ;
+---------------------------------+--------------------+------+------------------------------------+
; Assignment                      ; Value              ; from ; to                                 ;
+---------------------------------+--------------------+------+------------------------------------+
; OPTIMIZE_POWER_DURING_SYNTHESIS ; NORMAL_COMPILATION ; -    ; -                                  ;
+---------------------------------+--------------------+------+------------------------------------+


+--------------------------------------------------------------------------------------------+
; Parameter Settings for User Entity Instance: lpm_rom0:inst|altsyncram:altsyncram_component ;
+------------------------------------+-----------------+-------------------------------------+
; Parameter Name                     ; Value           ; Type                                ;
+------------------------------------+-----------------+-------------------------------------+
; BYTE_SIZE_BLOCK                    ; 8               ; Untyped                             ;
; AUTO_CARRY_CHAINS                  ; ON              ; AUTO_CARRY                          ;
; IGNORE_CARRY_BUFFERS               ; OFF             ; IGNORE_CARRY                        ;
; AUTO_CASCADE_CHAINS                ; ON              ; AUTO_CASCADE                        ;
; IGNORE_CASCADE_BUFFERS             ; OFF             ; IGNORE_CASCADE                      ;
; OPERATION_MODE                     ; ROM             ; Untyped                             ;
; WIDTH_A                            ; 32              ; Integer                             ;
; WIDTHAD_A                          ; 4               ; Integer                             ;
; NUMWORDS_A                         ; 16              ; Integer                             ;
; OUTDATA_REG_A                      ; UNREGISTERED    ; Untyped                             ;
; ADDRESS_ACLR_A                     ; NONE            ; Untyped                             ;
; OUTDATA_ACLR_A                     ; NONE            ; Untyped                             ;
; WRCONTROL_ACLR_A                   ; NONE            ; Untyped                             ;
; INDATA_ACLR_A                      ; NONE            ; Untyped                             ;
; BYTEENA_ACLR_A                     ; NONE            ; Untyped                             ;
; WIDTH_B                            ; 1               ; Untyped                             ;
; WIDTHAD_B                          ; 1               ; Untyped                             ;
; NUMWORDS_B                         ; 1               ; Untyped                             ;
; INDATA_REG_B                       ; CLOCK1          ; Untyped                             ;
; WRCONTROL_WRADDRESS_REG_B          ; CLOCK1          ; Untyped                             ;
; RDCONTROL_REG_B                    ; CLOCK1          ; Untyped                             ;
; ADDRESS_REG_B                      ; CLOCK1          ; Untyped                             ;
; OUTDATA_REG_B                      ; UNREGISTERED    ; Untyped                             ;
; BYTEENA_REG_B                      ; CLOCK1          ; Untyped                             ;
; INDATA_ACLR_B                      ; NONE            ; Untyped                             ;
; WRCONTROL_ACLR_B                   ; NONE            ; Untyped                             ;
; ADDRESS_ACLR_B                     ; NONE            ; Untyped                             ;
; OUTDATA_ACLR_B                     ; NONE            ; Untyped                             ;
; RDCONTROL_ACLR_B                   ; NONE            ; Untyped                             ;
; BYTEENA_ACLR_B                     ; NONE            ; Untyped                             ;
; WIDTH_BYTEENA_A                    ; 1               ; Integer                             ;
; WIDTH_BYTEENA_B                    ; 1               ; Untyped                             ;
; RAM_BLOCK_TYPE                     ; AUTO            ; Untyped                             ;
; BYTE_SIZE                          ; 8               ; Untyped                             ;
; READ_DURING_WRITE_MODE_MIXED_PORTS ; DONT_CARE       ; Untyped                             ;
; INIT_FILE                          ; ALU_3.mif       ; Untyped                             ;
; INIT_FILE_LAYOUT                   ; PORT_A          ; Untyped                             ;
; MAXIMUM_DEPTH                      ; 0               ; Untyped                             ;
; CLOCK_ENABLE_INPUT_A               ; BYPASS          ; Untyped                             ;
; CLOCK_ENABLE_INPUT_B               ; NORMAL          ; Untyped                             ;
; CLOCK_ENABLE_OUTPUT_A              ; BYPASS          ; Untyped                             ;
; CLOCK_ENABLE_OUTPUT_B              ; NORMAL          ; Untyped                             ;
; DEVICE_FAMILY                      ; Cyclone II      ; Untyped                             ;
; CBXI_PARAMETER                     ; altsyncram_2i01 ; Untyped                             ;
+------------------------------------+-----------------+-------------------------------------+
Note: In order to hide this table in the UI and the text report file, please set the "Show Parameter Settings Tables in Synthesis Report" option in "Analysis and Synthesis Settings -> More Settings" to "Off".


+-----------------------------------------------------------------------------------------+
; Parameter Settings for User Entity Instance: RAM:inst22|altsyncram:altsyncram_component ;
+------------------------------------+-----------------+----------------------------------+
; Parameter Name                     ; Value           ; Type                             ;
+------------------------------------+-----------------+----------------------------------+
; BYTE_SIZE_BLOCK                    ; 8               ; Untyped                          ;
; AUTO_CARRY_CHAINS                  ; ON              ; AUTO_CARRY                       ;
; IGNORE_CARRY_BUFFERS               ; OFF             ; IGNORE_CARRY                     ;
; AUTO_CASCADE_CHAINS                ; ON              ; AUTO_CASCADE                     ;
; IGNORE_CASCADE_BUFFERS             ; OFF             ; IGNORE_CASCADE                   ;
; OPERATION_MODE                     ; DUAL_PORT       ; Untyped                          ;
; WIDTH_A                            ; 16              ; Integer                          ;
; WIDTHAD_A                          ; 4               ; Integer                          ;
; NUMWORDS_A                         ; 16              ; Integer                          ;
; OUTDATA_REG_A                      ; UNREGISTERED    ; Untyped                          ;
; ADDRESS_ACLR_A                     ; NONE            ; Untyped                          ;
; OUTDATA_ACLR_A                     ; NONE            ; Untyped                          ;
; WRCONTROL_ACLR_A                   ; NONE            ; Untyped                          ;
; INDATA_ACLR_A                      ; NONE            ; Untyped                          ;
; BYTEENA_ACLR_A                     ; NONE            ; Untyped                          ;
; WIDTH_B                            ; 16              ; Integer                          ;
; WIDTHAD_B                          ; 4               ; Integer                          ;
; NUMWORDS_B                         ; 16              ; Integer                          ;
; INDATA_REG_B                       ; CLOCK1          ; Untyped                          ;
; WRCONTROL_WRADDRESS_REG_B          ; CLOCK1          ; Untyped                          ;
; RDCONTROL_REG_B                    ; CLOCK0          ; Untyped                          ;
; ADDRESS_REG_B                      ; CLOCK0          ; Untyped                          ;
; OUTDATA_REG_B                      ; UNREGISTERED    ; Untyped                          ;
; BYTEENA_REG_B                      ; CLOCK1          ; Untyped                          ;
; INDATA_ACLR_B                      ; NONE            ; Untyped                          ;
; WRCONTROL_ACLR_B                   ; NONE            ; Untyped                          ;
; ADDRESS_ACLR_B                     ; NONE            ; Untyped                          ;
; OUTDATA_ACLR_B                     ; NONE            ; Untyped                          ;
; RDCONTROL_ACLR_B                   ; NONE            ; Untyped                          ;
; BYTEENA_ACLR_B                     ; NONE            ; Untyped                          ;
; WIDTH_BYTEENA_A                    ; 1               ; Integer                          ;
; WIDTH_BYTEENA_B                    ; 1               ; Untyped                          ;
; RAM_BLOCK_TYPE                     ; AUTO            ; Untyped                          ;
; BYTE_SIZE                          ; 8               ; Untyped                          ;
; READ_DURING_WRITE_MODE_MIXED_PORTS ; DONT_CARE       ; Untyped                          ;
; INIT_FILE                          ; ram_init.hex    ; Untyped                          ;
; INIT_FILE_LAYOUT                   ; PORT_A          ; Untyped                          ;
; MAXIMUM_DEPTH                      ; 0               ; Untyped                          ;
; CLOCK_ENABLE_INPUT_A               ; BYPASS          ; Untyped                          ;
; CLOCK_ENABLE_INPUT_B               ; BYPASS          ; Untyped                          ;
; CLOCK_ENABLE_OUTPUT_A              ; NORMAL          ; Untyped                          ;
; CLOCK_ENABLE_OUTPUT_B              ; BYPASS          ; Untyped                          ;
; DEVICE_FAMILY                      ; Cyclone II      ; Untyped                          ;
; CBXI_PARAMETER                     ; altsyncram_o4k1 ; Untyped                          ;
+------------------------------------+-----------------+----------------------------------+
Note: In order to hide this table in the UI and the text report file, please set the "Show Parameter Settings Tables in Synthesis Report" option in "Analysis and Synthesis Settings -> More Settings" to "Off".


+--------------------------------+
; Analysis & Synthesis Equations ;
+--------------------------------+
The equations can be found in E:/Controller/Controller.map.eqn.


+-------------------------------+
; Analysis & Synthesis Messages ;
+-------------------------------+
Info: *******************************************************************
Info: Running Quartus II Analysis & Synthesis
    Info: Version 5.1 Build 176 10/26/2005 SJ Full Version
    Info: Processing started: Wed Dec 07 16:32:54 2016
Info: Command: quartus_map --read_settings_files=on --write_settings_files=off Controller -c Controller
Info: Found 1 design units, including 1 entities, in source file Controller.bdf
    Info: Found entity 1: Controller
Info: Found 2 design units, including 1 entities, in source file mux_2A_to_1.vhd
    Info: Found design unit 1: mux_2A_to_1-behav
    Info: Found entity 1: mux_2A_to_1
Info: Elaborating entity "Controller" for the top level hierarchy
Warning: Using design file alu.vhd, which is not specified as a design file for the current project, but contains definitions for 2 design units and 1 entities in project
    Info: Found design unit 1: alu-behave
    Info: Found entity 1: alu
Info: Elaborating entity "alu" for hierarchy "alu:inst17"
Warning: Using design file regfile.vhd, which is not specified as a design file for the current project, but contains definitions for 2 design units and 1 entities in project
    Info: Found design unit 1: regfile-struct
    Info: Found entity 1: regfile
Info: Elaborating entity "regfile" for hierarchy "regfile:inst11"
Warning: Using design file reg.vhd, which is not specified as a design file for the current project, but contains definitions for 2 design units and 1 entities in project
    Info: Found design unit 1: reg-behav
    Info: Found entity 1: reg
Info: Elaborating entity "reg" for hierarchy "regfile:inst11|reg:Areg00"
Warning: Using design file decoder_2_to_4.vhd, which is not specified as a design file for the current project, but contains definitions for 2 design units and 1 entities in project
    Info: Found design unit 1: decoder_2_to_4-behav
    Info: Found entity 1: decoder_2_to_4
Info: Elaborating entity "decoder_2_to_4" for hierarchy "regfile:inst11|decoder_2_to_4:des_decoder"
Warning: Using design file mux_4_to_1.vhd, which is not specified as a design file for the current project, but contains definitions for 2 design units and 1 entities in project
    Info: Found design unit 1: mux_4_to_1-behav
    Info: Found entity 1: mux_4_to_1
Info: Elaborating entity "mux_4_to_1" for hierarchy "regfile:inst11|mux_4_to_1:mux1"
Warning: Using design file lpm_rom0.vhd, which is not specified as a design file for the current project, but contains definitions for 2 design units and 1 entities in project
    Info: Found design unit 1: lpm_rom0-SYN
    Info: Found entity 1: lpm_rom0
Info: Elaborating entity "lpm_rom0" for hierarchy "lpm_rom0:inst"
Info: Found 1 design units, including 1 entities, in source file c:/altera/quartus51/libraries/megafunctions/altsyncram.tdf
    Info: Found entity 1: altsyncram
Info: Elaborating entity "altsyncram" for hierarchy "lpm_rom0:inst|altsyncram:altsyncram_component"
Info: Found 1 design units, including 1 entities, in source file db/altsyncram_2i01.tdf
    Info: Found entity 1: altsyncram_2i01
Info: Elaborating entity "altsyncram_2i01" for hierarchy "lpm_rom0:inst|altsyncram:altsyncram_component|altsyncram_2i01:auto_generated"
Warning: Using design file PC.vhd, which is not specified as a design file for the current project, but contains definitions for 2 design units and 1 entities in project
    Info: Found design unit 1: PC-behave
    Info: Found entity 1: PC
Info: Elaborating entity "PC" for hierarchy "PC:inst5"
Warning: Using design file mux_2_to_1.vhd, which is not specified as a design file for the current project, but contains definitions for 2 design units and 1 entities in project
    Info: Found design unit 1: mux_2_to_1-behav
    Info: Found entity 1: mux_2_to_1
Info: Elaborating entity "mux_2_to_1" for hierarchy "mux_2_to_1:inst4"
Warning: Using design file ADD.vhd, which is not specified as a design file for the current project, but contains definitions for 2 design units and 1 entities in project
    Info: Found design unit 1: ADD-behave
    Info: Found entity 1: ADD
Info: Elaborating entity "ADD" for hierarchy "ADD:inst9"
Info (10035): Verilog HDL or VHDL information at ADD.vhd(15): object "temp2" declared but not used
Warning: Using design file Const4.vhd, which is not specified as a design file for the current project, but contains definitions for 2 design units and 1 entities in project
    Info: Found design unit 1: Const4-behave
    Info: Found entity 1: Const4
Info: Elaborating entity "Const4" for hierarchy "Const4:inst8"
Warning: Using design file SFT_2bit.vhd, which is not specified as a design file for the current project, but contains definitions for 2 design units and 1 entities in project
    Info: Found design unit 1: SFT_2bit-behav
    Info: Found entity 1: SFT_2bit
Info: Elaborating entity "SFT_2bit" for hierarchy "SFT_2bit:inst12"
Info: Elaborating entity "mux_2A_to_1" for hierarchy "mux_2A_to_1:inst1"
Warning: Using design file RAM.vhd, which is not specified as a design file for the current project, but contains definitions for 2 design units and 1 entities in project
    Info: Found design unit 1: ram-SYN
    Info: Found entity 1: RAM
Info: Elaborating entity "RAM" for hierarchy "RAM:inst22"
Info: Elaborating entity "altsyncram" for hierarchy "RAM:inst22|altsyncram:altsyncram_component"
Info: Found 1 design units, including 1 entities, in source file db/altsyncram_o4k1.tdf
    Info: Found entity 1: altsyncram_o4k1
Info: Elaborating entity "altsyncram_o4k1" for hierarchy "RAM:inst22|altsyncram:altsyncram_component|altsyncram_o4k1:auto_generated"
Warning: Reduced register "Const4:inst8|q[14]" with stuck data_in port to stuck value GND
Warning: Reduced register "Const4:inst8|q[13]" with stuck data_in port to stuck value GND
Warning: Reduced register "Const4:inst8|q[12]" with stuck data_in port to stuck value GND
Warning: Reduced register "Const4:inst8|q[11]" with stuck data_in port to stuck value GND
Warning: Reduced register "Const4:inst8|q[10]" with stuck data_in port to stuck value GND
Warning: Reduced register "Const4:inst8|q[9]" with stuck data_in port to stuck value GND
Warning: Reduced register "Const4:inst8|q[8]" with stuck data_in port to stuck value GND
Warning: Reduced register "Const4:inst8|q[7]" with stuck data_in port to stuck value GND
Warning: Reduced register "Const4:inst8|q[6]" with stuck data_in port to stuck value GND
Warning: Reduced register "Const4:inst8|q[5]" with stuck data_in port to stuck value GND
Warning: Reduced register "Const4:inst8|q[4]" with stuck data_in port to stuck value GND
Warning: Reduced register "Const4:inst8|q[3]" with stuck data_in port to stuck value GND
Warning: Reduced register "Const4:inst8|q[2]" with stuck data_in port to stuck value GND
Info: Power-up level of register "Const4:inst8|q[1]" is not specified -- using power-up level of High to minimize register
Warning: Reduced register "Const4:inst8|q[1]" with stuck data_in port to stuck value VCC
Warning: Reduced register "Const4:inst8|q[0]" with stuck data_in port to stuck value GND
Warning: Reduced register "Const4:inst8|q[15]" with stuck data_in port to stuck value GND
Info: Implemented 485 device resources after synthesis - the final resource count might be different
    Info: Implemented 14 input pins
    Info: Implemented 88 output pins
    Info: Implemented 335 logic cells
    Info: Implemented 48 RAM segments
Info: Quartus II Analysis & Synthesis was successful. 0 errors, 28 warnings
    Info: Processing ended: Wed Dec 07 16:32:56 2016
    Info: Elapsed time: 00:00:02


