Timing Analyzer report for work2
Mon Oct 17 19:16:18 2016
Version 5.1 Build 176 10/26/2005 SJ Full Version


---------------------
; Table of Contents ;
---------------------
  1. Legal Notice
  2. Timing Analyzer Summary
  3. Timing Analyzer Settings
  4. tpd
  5. Timing Analyzer Messages



----------------
; Legal Notice ;
----------------
Copyright (C) 1991-2005 Altera Corporation
Your use of Altera Corporation's design tools, logic functions 
and other software and tools, and its AMPP partner logic 
functions, and any output files any of the foregoing 
(including device programming or simulation files), and any 
associated documentation or information are expressly subject 
to the terms and conditions of the Altera Program License 
Subscription Agreement, Altera MegaCore Function License 
Agreement, or other applicable license agreement, including, 
without limitation, that your use is for the sole purpose of 
programming logic devices manufactured by Altera and sold by 
Altera or its authorized distributors.  Please refer to the 
applicable agreement for further details.



+-----------------------------------------------------------------------------------------------------------------------+
; Timing Analyzer Summary                                                                                               ;
+------------------------------+-------+---------------+-------------+------+----+------------+----------+--------------+
; Type                         ; Slack ; Required Time ; Actual Time ; From ; To ; From Clock ; To Clock ; Failed Paths ;
+------------------------------+-------+---------------+-------------+------+----+------------+----------+--------------+
; Worst-case tpd               ; N/A   ; None          ; 13.450 ns   ; C2   ; D1 ; --         ; --       ; 0            ;
; Total number of failed paths ;       ;               ;             ;      ;    ;            ;          ; 0            ;
+------------------------------+-------+---------------+-------------+------+----+------------+----------+--------------+


+------------------------------------------------------------------------------------------------------+
; Timing Analyzer Settings                                                                             ;
+-------------------------------------------------------+--------------------+------+----+-------------+
; Option                                                ; Setting            ; From ; To ; Entity Name ;
+-------------------------------------------------------+--------------------+------+----+-------------+
; Device Name                                           ; EP2C20Q240C8       ;      ;    ;             ;
; Timing Models                                         ; Preliminary        ;      ;    ;             ;
; Number of source nodes to report per destination node ; 10                 ;      ;    ;             ;
; Number of destination nodes to report                 ; 10                 ;      ;    ;             ;
; Number of paths to report                             ; 200                ;      ;    ;             ;
; Report Minimum Timing Checks                          ; Off                ;      ;    ;             ;
; Use Fast Timing Models                                ; Off                ;      ;    ;             ;
; Report IO Paths Separately                            ; Off                ;      ;    ;             ;
; Default hold multicycle                               ; Same As Multicycle ;      ;    ;             ;
; Cut paths between unrelated clock domains             ; On                 ;      ;    ;             ;
; Cut off read during write signal paths                ; On                 ;      ;    ;             ;
; Cut off feedback from I/O pins                        ; On                 ;      ;    ;             ;
; Report Combined Fast/Slow Timing                      ; Off                ;      ;    ;             ;
; Ignore Clock Settings                                 ; Off                ;      ;    ;             ;
; Analyze latches as synchronous elements               ; On                 ;      ;    ;             ;
; Enable Recovery/Removal analysis                      ; Off                ;      ;    ;             ;
; Enable Clock Latency                                  ; Off                ;      ;    ;             ;
+-------------------------------------------------------+--------------------+------+----+-------------+


+---------------------------------------------------------+
; tpd                                                     ;
+-------+-------------------+-----------------+------+----+
; Slack ; Required P2P Time ; Actual P2P Time ; From ; To ;
+-------+-------------------+-----------------+------+----+
; N/A   ; None              ; 13.450 ns       ; C2   ; D1 ;
; N/A   ; None              ; 13.406 ns       ; C3   ; D1 ;
; N/A   ; None              ; 13.315 ns       ; C1   ; D1 ;
; N/A   ; None              ; 13.154 ns       ; C4   ; D1 ;
+-------+-------------------+-----------------+------+----+


+--------------------------+
; Timing Analyzer Messages ;
+--------------------------+
Info: *******************************************************************
Info: Running Quartus II Timing Analyzer
    Info: Version 5.1 Build 176 10/26/2005 SJ Full Version
    Info: Processing started: Mon Oct 17 19:16:17 2016
Info: Command: quartus_tan --read_settings_files=off --write_settings_files=off work2 -c work2 --timing_analysis_only
Info: Longest tpd from source pin "C2" to destination pin "D1" is 13.450 ns
    Info: 1: + IC(0.000 ns) + CELL(0.914 ns) = 0.914 ns; Loc. = PIN_226; Fanout = 1; PIN Node = 'C2'
    Info: 2: + IC(5.738 ns) + CELL(0.650 ns) = 7.302 ns; Loc. = LCCOMB_X9_Y26_N16; Fanout = 1; COMB Node = 'or_gate:inst2|b1'
    Info: 3: + IC(3.182 ns) + CELL(2.966 ns) = 13.450 ns; Loc. = PIN_38; Fanout = 0; PIN Node = 'D1'
    Info: Total cell delay = 4.530 ns ( 33.68 % )
    Info: Total interconnect delay = 8.920 ns ( 66.32 % )
Info: Quartus II Timing Analyzer was successful. 0 errors, 0 warnings
    Info: Processing ended: Mon Oct 17 19:16:18 2016
    Info: Elapsed time: 00:00:01


